<?xml version="1.0" encoding="UTF-8"?>
<!-- Generated by org.testng.reporters.JUnitReportReporter -->
<testsuite hostname="EPINBANW0322" failures="0" tests="4" name="org.epam.fsa.tests.loginTest" time="26.579" errors="0" timestamp="2024-03-12T11:04:45 IST" skipped="2">
  <testcase classname="org.epam.fsa.tests.loginTest" name="verifyWindowsTitle" time="16.418"/>
  <testcase classname="org.epam.fsa.tests.loginTest" name="verifyWindowsTitle" time="10.161"/>
  <testcase classname="org.epam.fsa.tests.loginTest" name="verifyLogin">
    <skipped/>
  </testcase> <!-- verifyLogin -->
  <testcase classname="org.epam.fsa.tests.loginTest" name="retry">
    <skipped/>
  </testcase> <!-- retry -->
</testsuite> <!-- org.epam.fsa.tests.loginTest -->
